<?xml version="1.0" encoding="UTF-8"?>
<!-- Generated by org.testng.reporters.JUnitReportReporter -->
<testsuite name="com.demo_utility.Calling_Test" tests="1" time="21.764" ignored="0" failures="0" timestamp="27 Dec 2019 11:33:51 GMT" skipped="0" hostname="DESKTOP-I6Q45NM" errors="0">
  <testcase name="Call_All_Test" time="21.764" classname="com.demo_utility.Calling_Test"/>
</testsuite> <!-- com.demo_utility.Calling_Test -->
